<?xml version="1.0" encoding="UTF-8"?>
<!-- Generated by org.testng.reporters.JUnitReportReporter -->
<testsuite hostname="AJAYKUMAR" failures="0" tests="2" name="com.test.advance.CaptureScreenShotTest" time="5.834" errors="0" timestamp="03 May 2023 16:05:09 GMT" skipped="0">
  <testcase classname="com.test.advance.CaptureScreenShotTest" name="captureScreenshot" time="2.325"/>
  <testcase classname="com.test.advance.CaptureScreenShotTest" name="captureScreenshot" time="3.509"/>
</testsuite> <!-- com.test.advance.CaptureScreenShotTest -->
