<?xml version="1.0" encoding="UTF-8"?>
<!-- Generated by org.testng.reporters.JUnitReportReporter -->
<testsuite hostname="AJAYKUMAR" failures="0" tests="2" name="com.test.advance.ReadingCSSFromDOMTest" time="5.061" errors="0" timestamp="03 May 2023 16:05:09 GMT" skipped="0">
  <testcase classname="com.test.advance.ReadingCSSFromDOMTest" name="getTheProductTitleCSSProperties" time="3.494"/>
  <testcase classname="com.test.advance.ReadingCSSFromDOMTest" name="getTheProductTitleCSSProperties" time="1.567"/>
</testsuite> <!-- com.test.advance.ReadingCSSFromDOMTest -->
