<?xml version="1.0" encoding="UTF-8"?>
<!-- Generated by org.testng.reporters.JUnitReportReporter -->
<testsuite hostname="AJAYKUMAR" failures="0" tests="2" name="com.tests.CaptureScreenShotTest" time="1.951" errors="0" timestamp="02 May 2023 20:15:45 GMT" skipped="0">
  <testcase classname="com.tests.CaptureScreenShotTest" name="captureScreenshot" time="0.908"/>
  <testcase classname="com.tests.CaptureScreenShotTest" name="captureScreenshot" time="1.043"/>
</testsuite> <!-- com.tests.CaptureScreenShotTest -->
