<?xml version="1.0" encoding="UTF-8"?>
<!-- Generated by org.testng.reporters.JUnitReportReporter -->
<testsuite hostname="AJAYKUMAR" failures="0" tests="6" name="com.tests.ReadingCSSFromDOM" time="6.637" errors="0" timestamp="02 May 2023 19:57:25 GMT" skipped="0">
  <testcase classname="com.tests.ReadingCSSFromDOM" name="LaunchingURL" time="0.042"/>
  <testcase classname="com.tests.ReadingCSSFromDOM" name="Login" time="2.335"/>
  <testcase classname="com.tests.ReadingCSSFromDOM" name="Login" time="2.205"/>
  <testcase classname="com.tests.ReadingCSSFromDOM" name="GetTheProductTitleCSSProperties" time="1.298"/>
  <testcase classname="com.tests.ReadingCSSFromDOM" name="GetTheProductTitleCSSProperties" time="0.678"/>
  <testcase classname="com.tests.ReadingCSSFromDOM" name="LaunchingURL" time="0.079"/>
</testsuite> <!-- com.tests.ReadingCSSFromDOM -->
