<?xml version="1.0" encoding="UTF-8"?>
<!-- Generated by org.testng.reporters.JUnitReportReporter -->
<testsuite hostname="AJAYKUMAR" failures="0" tests="2" name="com.test.advance.RunJSinSelenium" time="4.807" errors="0" timestamp="03 May 2023 16:05:09 GMT" skipped="0">
  <testcase classname="com.test.advance.RunJSinSelenium" name="runJsinSelenium" time="3.452"/>
  <testcase classname="com.test.advance.RunJSinSelenium" name="runJsinSelenium" time="1.355"/>
</testsuite> <!-- com.test.advance.RunJSinSelenium -->
